{"total": {"lines":{"total":25,"covered":4,"skipped":0,"pct":16},"statements":{"total":25,"covered":4,"skipped":0,"pct":16},"functions":{"total":5,"covered":1,"skipped":0,"pct":20},"branches":{"total":4,"covered":1,"skipped":0,"pct":25},"branchesTrue":{"total":0,"covered":0,"skipped":0,"pct":"Unknown"}}
,"/Users/jfield/dev/actionshub/chef-install/src/install.ts": {"lines":{"total":11,"covered":4,"skipped":0,"pct":36.36},"functions":{"total":2,"covered":1,"skipped":0,"pct":50},"statements":{"total":11,"covered":4,"skipped":0,"pct":36.36},"branches":{"total":2,"covered":1,"skipped":0,"pct":50}}
,"/Users/jfield/dev/actionshub/chef-install/src/main.ts": {"lines":{"total":14,"covered":0,"skipped":0,"pct":0},"functions":{"total":3,"covered":0,"skipped":0,"pct":0},"statements":{"total":14,"covered":0,"skipped":0,"pct":0},"branches":{"total":2,"covered":0,"skipped":0,"pct":0}}
}
