TN:
SF:src/install.ts
FN:8,installCmd
FN:27,linuxInstallCmd
FNF:2
FNH:1
FNDA:1,installCmd
FNDA:0,linuxInstallCmd
DA:9,1
DA:10,1
DA:12,0
DA:13,0
DA:22,1
DA:23,1
DA:31,0
DA:32,0
DA:33,0
DA:36,0
DA:37,0
LF:11
LH:4
BRDA:10,0,0,0
BRDA:10,0,1,1
BRF:2
BRH:1
end_of_record
TN:
SF:src/main.ts
FN:11,run
FN:19,(anonymous_1)
FN:21,(anonymous_2)
FNF:3
FNH:0
FNDA:0,run
FNDA:0,(anonymous_1)
FNDA:0,(anonymous_2)
DA:13,0
DA:14,0
DA:15,0
DA:16,0
DA:18,0
DA:19,0
DA:20,0
DA:21,0
DA:22,0
DA:23,0
DA:24,0
DA:27,0
DA:29,0
DA:30,0
LF:14
LH:0
BRDA:14,0,0,0
BRDA:23,1,0,0
BRF:2
BRH:0
end_of_record
